<?xml version="1.0" encoding="UTF-8"?>
<!-- Generated by org.testng.reporters.JUnitReportReporter -->
<testsuite hostname="INLEN8520087171" failures="0" tests="3" name="runner.MyRunner" time="24.204" errors="0" timestamp="2022-12-30T10:40:28 IST" skipped="0">
  <testcase classname="runner.MyRunner" name="runScenario" time="9.827"/>
  <system-out/>
  <testcase classname="runner.MyRunner" name="runScenario" time="5.798"/>
  <system-out/>
  <testcase classname="runner.MyRunner" name="runScenario" time="8.579"/>
  <system-out/>
</testsuite> <!-- runner.MyRunner -->
