<?xml version="1.0" encoding="UTF-8"?>
<!-- Generated by org.testng.reporters.JUnitReportReporter -->
<testsuite hostname="INLEN8520087171" failures="0" tests="3" name="runner.MyRunner" time="22.683" errors="0" timestamp="2022-12-30T10:50:26 IST" skipped="0">
  <testcase classname="runner.MyRunner" name="runScenario" time="6.107"/>
  <system-out/>
  <testcase classname="runner.MyRunner" name="runScenario" time="9.336"/>
  <system-out/>
  <testcase classname="runner.MyRunner" name="runScenario" time="7.240"/>
  <system-out/>
</testsuite> <!-- runner.MyRunner -->
